Remove Pin=J3-P$1 From Net=PWRKEY_IN
Remove Pin=J3-P$3 From Net=LTE_DTR
Remove Pin=J3-P$4 From Net=LTE_RI
Remove Pin=J3-P$9 From Net=LTE_TXD
Remove Pin=J3-P$10 From Net=LTE_RXD
Remove Pin=J3-P$52 From Net=NETLIGHT
Remove Pin=J3-P$66 From Net=PWR_STAT
Remove Pin=J4-04 From Net=TX
Remove Pin=J4-05 From Net=RX
Remove Pin=Q6-1 From Net=NETLIGHT
Remove Pin=Q7-1 From Net=PWR_STAT
Remove Pin=R7-1 From Net=LED_G
Remove Pin=R9-1 From Net=LED_R
Remove Pin=U2-6 From Net=TILT1
Remove Pin=U2-7 From Net=TILT2
Remove Pin=U2-10 From Net=UC_SDA
Remove Pin=U2-11 From Net=UC_SCL
Remove Pin=U2-12 From Net=LED_G
Remove Pin=U2-13 From Net=UC_DRT
Remove Pin=U2-16 From Net=UC_RI
Remove Pin=U2-27 From Net=MEASURE
Remove Pin=U2-28 From Net=UC_RX
Remove Pin=U2-30 From Net=UC_TX
Remove Pin=U2-34 From Net=RX
Remove Pin=U2-35 From Net=TX
Remove Pin=U2-36 From Net=LED_R
Remove Pin=U2-37 From Net=POWER
Remove Pin=U4-1 From Net=LTE_RXD
Remove Pin=U4-3 From Net=LTE_TXD
Remove Pin=U4-4 From Net=LTE_RI
Remove Pin=U4-5 From Net=LTE_DTR
Remove Pin=U4-6 From Net=LTE_SDA
Remove Pin=U4-7 From Net=LTE_SCL
Remove Pin=U4-14 From Net=UC_SCL
Remove Pin=U4-15 From Net=UC_SDA
Remove Pin=U4-16 From Net=UC_DRT
Remove Pin=U4-17 From Net=UC_RI
Remove Pin=U4-18 From Net=UC_TX
Remove Pin=U4-20 From Net=UC_RX
